[14:23:02] Instalando dependencias...
[14:23:03] PASO 1 — Auditoría
python-dotenv could not parse statement starting at line 8
AUDITOR FESTQUEST
Festivales: 364
Municipios con festivales: 338
Completitud municipios:
  PARCIAL gentilicio: 299/338 (88.5%)
  OK temperatura_promedio: 337/338 (99.7%)
  OK altura: 337/338 (99.7%)
  OK sitio_1: 337/338 (99.7%)
  OK maps_1: 337/338 (99.7%)
  OK hotel_1: 338/338 (100.0%)
  CRITICO wa_1: 40/338 (11.8%)
  CRITICO mandatario: 0/338 (0.0%)
  PARCIAL bandera_url: 213/338 (63.0%)
  PARCIAL escudo_url: 193/338 (57.1%)
Guardado: ./output/auditoria_municipios.csv
[14:23:08] PASO 2 — Selección festivales
python-dotenv could not parse statement starting at line 8
SELECCION 200+ FESTIVALES 32 DEPARTAMENTOS
Traceback (most recent call last):
  File "D:\festquest-backend\scripts\02_seleccionar_festivales.py", line 56, in <module>
    seleccionar()
    ~~~~~~~~~~~^^
  File "D:\festquest-backend\scripts\02_seleccionar_festivales.py", line 15, in seleccionar
    cur.execute("""SELECT f.id,f.nombre,f.departamento,f.municipio,f.municipio_id,f.fecha_inicio,f.fecha_fin,f.descripcion,f.foto_url,f.maps_link,
    ~~~~~~~~~~~^^^^^^^^^^^^^^^^^^^^^^^^^^^^^^^^^^^^^^^^^^^^^^^^^^^^^^^^^^^^^^^^^^^^^^^^^^^^^^^^^^^^^^^^^^^^^^^^^^^^^^^^^^^^^^^^^^^^^^^^^^^^^^^^^^^
        (CASE WHEN m.gentilicio IS NOT NULL AND m.gentilicio!='' THEN 1 ELSE 0 END+CASE WHEN m.temperatura_promedio IS NOT NULL THEN 1 ELSE 0 END+CASE WHEN m.altura IS NOT NULL THEN 1 ELSE 0 END+CASE WHEN m.sitio_1 IS NOT NULL AND m.sitio_1!='' THEN 2 ELSE 0 END+CASE WHEN m.hotel_1 IS NOT NULL AND m.hotel_1!='' THEN 2 ELSE 0 END+CASE WHEN m.mandatario IS NOT NULL AND m.mandatario!='' THEN 1 ELSE 0 END) as score_muni,
        ^^^^^^^^^^^^^^^^^^^^^^^^^^^^^^^^^^^^^^^^^^^^^^^^^^^^^^^^^^^^^^^^^^^^^^^^^^^^^^^^^^^^^^^^^^^^^^^^^^^^^^^^^^^^^^^^^^^^^^^^^^^^^^^^^^^^^^^^^^^^^^^^^^^^^^^^^^^^^^^^^^^^^^^^^^^^^^^^^^^^^^^^^^^^^^^^^^^^^^^^^^^^^^^^^^^^^^^^^^^^^^^^^^^^^^^^^^^^^^^^^^^^^^^^^^^^^^^^^^^^^^^^^^^^^^^^^^^^^^^^^^^^^^^^^^^^^^^^^^^^^^^^^^^^^^^^^^^^^^^^^^^^^^^^^^^^^^^^^^^^^^^^^^^^^^^^^^^^^^^^^^^^^^^^^^^^^^^^^^^^^^^^^^^^^^^^^^^^^^^^^^^^^^^^^^^^
        (CASE WHEN f.foto_url IS NOT NULL AND f.foto_url!='' THEN 2 ELSE 0 END+CASE WHEN f.descripcion IS NOT NULL AND LENGTH(f.descripcion)>50 THEN 1 ELSE 0 END+CASE WHEN f.fecha_inicio IS NOT NULL THEN 1 ELSE 0 END) as score_fest
        ^^^^^^^^^^^^^^^^^^^^^^^^^^^^^^^^^^^^^^^^^^^^^^^^^^^^^^^^^^^^^^^^^^^^^^^^^^^^^^^^^^^^^^^^^^^^^^^^^^^^^^^^^^^^^^^^^^^^^^^^^^^^^^^^^^^^^^^^^^^^^^^^^^^^^^^^^^^^^^^^^^^^^^^^^^^^^^^^^^^^^^^^^^^^^^^^^^^^^^^^^^^^^^^^^^^^^^^^^^^^^^^
        FROM festivals f LEFT JOIN municipalities m ON m.id=f.municipio_id WHERE f.departamento IS NOT NULL ORDER BY f.departamento,(score_muni+score_fest) DESC""")
        ^^^^^^^^^^^^^^^^^^^^^^^^^^^^^^^^^^^^^^^^^^^^^^^^^^^^^^^^^^^^^^^^^^^^^^^^^^^^^^^^^^^^^^^^^^^^^^^^^^^^^^^^^^^^^^^^^^^^^^^^^^^^^^^^^^^^^^^^^^^^^^^^^^^^^^^^^^^^
psycopg2.errors.UndefinedColumn: column "score_muni" does not exist
LINE 4: ...departamento IS NOT NULL ORDER BY f.departamento,(score_muni...
                                                             ^

[14:23:09] PASO 3 — Enriquecer festivales
python-dotenv could not parse statement starting at line 8
ENRIQUECIMIENTO DE FESTIVALES
Traceback (most recent call last):
  File "D:\festquest-backend\scripts\03_enriquecer_festivales.py", line 75, in <module>
    enriquecer()
    ~~~~~~~~~~^^
  File "D:\festquest-backend\scripts\03_enriquecer_festivales.py", line 47, in enriquecer
    with open(f"{OUT_DIR}/festivales_seleccionados.json",encoding="utf-8") as f:
         ~~~~^^^^^^^^^^^^^^^^^^^^^^^^^^^^^^^^^^^^^^^^^^^^^^^^^^^^^^^^^^^^^
FileNotFoundError: [Errno 2] No such file or directory: './output/festivales_seleccionados.json'
[14:23:13] PASO 4 — Wikipedia municipios
python-dotenv could not parse statement starting at line 8
